[17] Log opened at 2026-02-18 07:15:18.290912
[17] [Step Debug] INFO: Connecting to configured address/port: host.docker.internal:9003.
[17] [Step Debug] INFO: Connected to debugging client: host.docker.internal:9003 (through xdebug.client_host/xdebug.client_port). :-)
[17] [Step Debug] -> <init xmlns="urn:debugger_protocol_v1" xmlns:xdebug="https://xdebug.org/dbgp/xdebug" fileuri="file:///var/www/html/Public/index.php" language="PHP" xdebug:language_version="7.4.16" protocol_version="1.0" appid="17"><engine version="3.1.6"><![CDATA[Xdebug]]></engine><author><![CDATA[Derick Rethans]]></author><url><![CDATA[https://xdebug.org]]></url><copyright><![CDATA[Copyright (c) 2002-2022 by Derick Rethans]]></copyright></init>

[17] [Step Debug] <- feature_set -i 1 -n resolved_breakpoints -v 1
[17] [Step Debug] -> <response xmlns="urn:debugger_protocol_v1" xmlns:xdebug="https://xdebug.org/dbgp/xdebug" command="feature_set" transaction_id="1" feature="resolved_breakpoints" success="1"></response>

[17] [Step Debug] <- feature_set -i 2 -n notify_ok -v 1
[17] [Step Debug] -> <response xmlns="urn:debugger_protocol_v1" xmlns:xdebug="https://xdebug.org/dbgp/xdebug" command="feature_set" transaction_id="2" feature="notify_ok" success="1"></response>

[17] [Step Debug] <- feature_set -i 3 -n extended_properties -v 1
[17] [Step Debug] -> <response xmlns="urn:debugger_protocol_v1" xmlns:xdebug="https://xdebug.org/dbgp/xdebug" command="feature_set" transaction_id="3" feature="extended_properties" success="1"></response>

[17] [Step Debug] <- feature_get -i 4 -n breakpoint_include_return_value
[17] [Step Debug] -> <response xmlns="urn:debugger_protocol_v1" xmlns:xdebug="https://xdebug.org/dbgp/xdebug" command="feature_get" transaction_id="4" feature_name="breakpoint_include_return_value" supported="0"><![CDATA[0]]></response>

[17] [Step Debug] <- feature_get -i 5 -n virtual_exception_value
[17] [Step Debug] -> <response xmlns="urn:debugger_protocol_v1" xmlns:xdebug="https://xdebug.org/dbgp/xdebug" command="feature_get" transaction_id="5" feature_name="virtual_exception_value" supported="0"><![CDATA[0]]></response>

[17] [Step Debug] <- feature_set -i 6 -n max_children -v 100
[17] [Step Debug] -> <response xmlns="urn:debugger_protocol_v1" xmlns:xdebug="https://xdebug.org/dbgp/xdebug" command="feature_set" transaction_id="6" feature="max_children" success="1"></response>

[17] [Step Debug] <- run -i 7
[17] [Step Debug] -> <response xmlns="urn:debugger_protocol_v1" xmlns:xdebug="https://xdebug.org/dbgp/xdebug" command="run" transaction_id="7" status="stopping" reason="ok"></response>

[17] [Step Debug] <- stop -i 8
[17] [Step Debug] -> <response xmlns="urn:debugger_protocol_v1" xmlns:xdebug="https://xdebug.org/dbgp/xdebug" command="stop" transaction_id="8" status="stopped" reason="ok"></response>

[17] Log closed at 2026-02-18 07:15:18.308060

[17] Log opened at 2026-02-18 07:15:20.742552
[17] [Step Debug] INFO: Connecting to configured address/port: host.docker.internal:9003.
[17] [Step Debug] INFO: Connected to debugging client: host.docker.internal:9003 (through xdebug.client_host/xdebug.client_port). :-)
[17] [Step Debug] -> <init xmlns="urn:debugger_protocol_v1" xmlns:xdebug="https://xdebug.org/dbgp/xdebug" fileuri="file:///var/www/html/Public/index.php" language="PHP" xdebug:language_version="7.4.16" protocol_version="1.0" appid="17"><engine version="3.1.6"><![CDATA[Xdebug]]></engine><author><![CDATA[Derick Rethans]]></author><url><![CDATA[https://xdebug.org]]></url><copyright><![CDATA[Copyright (c) 2002-2022 by Derick Rethans]]></copyright></init>

[17] [Step Debug] <- feature_set -i 1 -n resolved_breakpoints -v 1
[17] [Step Debug] -> <response xmlns="urn:debugger_protocol_v1" xmlns:xdebug="https://xdebug.org/dbgp/xdebug" command="feature_set" transaction_id="1" feature="resolved_breakpoints" success="1"></response>

[17] [Step Debug] <- feature_set -i 2 -n notify_ok -v 1
[17] [Step Debug] -> <response xmlns="urn:debugger_protocol_v1" xmlns:xdebug="https://xdebug.org/dbgp/xdebug" command="feature_set" transaction_id="2" feature="notify_ok" success="1"></response>

[17] [Step Debug] <- feature_set -i 3 -n extended_properties -v 1
[17] [Step Debug] -> <response xmlns="urn:debugger_protocol_v1" xmlns:xdebug="https://xdebug.org/dbgp/xdebug" command="feature_set" transaction_id="3" feature="extended_properties" success="1"></response>

[17] [Step Debug] <- feature_get -i 4 -n breakpoint_include_return_value
[17] [Step Debug] -> <response xmlns="urn:debugger_protocol_v1" xmlns:xdebug="https://xdebug.org/dbgp/xdebug" command="feature_get" transaction_id="4" feature_name="breakpoint_include_return_value" supported="0"><![CDATA[0]]></response>

[17] [Step Debug] <- feature_get -i 5 -n virtual_exception_value
[17] [Step Debug] -> <response xmlns="urn:debugger_protocol_v1" xmlns:xdebug="https://xdebug.org/dbgp/xdebug" command="feature_get" transaction_id="5" feature_name="virtual_exception_value" supported="0"><![CDATA[0]]></response>

[17] [Step Debug] <- feature_set -i 6 -n max_children -v 100
[17] [Step Debug] -> <response xmlns="urn:debugger_protocol_v1" xmlns:xdebug="https://xdebug.org/dbgp/xdebug" command="feature_set" transaction_id="6" feature="max_children" success="1"></response>

[17] [Step Debug] <- run -i 7
[17] [Step Debug] -> <response xmlns="urn:debugger_protocol_v1" xmlns:xdebug="https://xdebug.org/dbgp/xdebug" command="run" transaction_id="7" status="stopping" reason="ok"></response>

[17] [Step Debug] <- stop -i 8
[17] [Step Debug] -> <response xmlns="urn:debugger_protocol_v1" xmlns:xdebug="https://xdebug.org/dbgp/xdebug" command="stop" transaction_id="8" status="stopped" reason="ok"></response>

[17] Log closed at 2026-02-18 07:15:20.749794

[19] Log opened at 2026-02-18 07:15:38.891695
[19] [Step Debug] INFO: Connecting to configured address/port: host.docker.internal:9003.
[19] [Step Debug] INFO: Connected to debugging client: host.docker.internal:9003 (through xdebug.client_host/xdebug.client_port). :-)
[19] [Step Debug] -> <init xmlns="urn:debugger_protocol_v1" xmlns:xdebug="https://xdebug.org/dbgp/xdebug" fileuri="file:///var/www/html/Public/index.php" language="PHP" xdebug:language_version="7.4.16" protocol_version="1.0" appid="19"><engine version="3.1.6"><![CDATA[Xdebug]]></engine><author><![CDATA[Derick Rethans]]></author><url><![CDATA[https://xdebug.org]]></url><copyright><![CDATA[Copyright (c) 2002-2022 by Derick Rethans]]></copyright></init>

[19] [Step Debug] <- feature_set -i 1 -n resolved_breakpoints -v 1
[19] [Step Debug] -> <response xmlns="urn:debugger_protocol_v1" xmlns:xdebug="https://xdebug.org/dbgp/xdebug" command="feature_set" transaction_id="1" feature="resolved_breakpoints" success="1"></response>

[19] [Step Debug] <- feature_set -i 2 -n notify_ok -v 1
[19] [Step Debug] -> <response xmlns="urn:debugger_protocol_v1" xmlns:xdebug="https://xdebug.org/dbgp/xdebug" command="feature_set" transaction_id="2" feature="notify_ok" success="1"></response>

[19] [Step Debug] <- feature_set -i 3 -n extended_properties -v 1
[19] [Step Debug] -> <response xmlns="urn:debugger_protocol_v1" xmlns:xdebug="https://xdebug.org/dbgp/xdebug" command="feature_set" transaction_id="3" feature="extended_properties" success="1"></response>

[19] [Step Debug] <- feature_get -i 4 -n breakpoint_include_return_value
[19] [Step Debug] -> <response xmlns="urn:debugger_protocol_v1" xmlns:xdebug="https://xdebug.org/dbgp/xdebug" command="feature_get" transaction_id="4" feature_name="breakpoint_include_return_value" supported="0"><![CDATA[0]]></response>

[19] [Step Debug] <- feature_get -i 5 -n virtual_exception_value
[19] [Step Debug] -> <response xmlns="urn:debugger_protocol_v1" xmlns:xdebug="https://xdebug.org/dbgp/xdebug" command="feature_get" transaction_id="5" feature_name="virtual_exception_value" supported="0"><![CDATA[0]]></response>

[19] [Step Debug] <- feature_set -i 6 -n max_children -v 100
[19] [Step Debug] -> <response xmlns="urn:debugger_protocol_v1" xmlns:xdebug="https://xdebug.org/dbgp/xdebug" command="feature_set" transaction_id="6" feature="max_children" success="1"></response>

[19] [Step Debug] <- run -i 7
[19] [Step Debug] -> <response xmlns="urn:debugger_protocol_v1" xmlns:xdebug="https://xdebug.org/dbgp/xdebug" command="run" transaction_id="7" status="stopping" reason="ok"></response>

[19] [Step Debug] <- stop -i 8
[19] [Step Debug] -> <response xmlns="urn:debugger_protocol_v1" xmlns:xdebug="https://xdebug.org/dbgp/xdebug" command="stop" transaction_id="8" status="stopped" reason="ok"></response>

[19] Log closed at 2026-02-18 07:15:38.900040

[20] Log opened at 2026-02-18 07:15:56.069058
[20] [Step Debug] INFO: Connecting to configured address/port: host.docker.internal:9003.
[20] [Step Debug] INFO: Connected to debugging client: host.docker.internal:9003 (through xdebug.client_host/xdebug.client_port). :-)
[20] [Step Debug] -> <init xmlns="urn:debugger_protocol_v1" xmlns:xdebug="https://xdebug.org/dbgp/xdebug" fileuri="file:///var/www/html/Public/index.php" language="PHP" xdebug:language_version="7.4.16" protocol_version="1.0" appid="20"><engine version="3.1.6"><![CDATA[Xdebug]]></engine><author><![CDATA[Derick Rethans]]></author><url><![CDATA[https://xdebug.org]]></url><copyright><![CDATA[Copyright (c) 2002-2022 by Derick Rethans]]></copyright></init>

[20] [Step Debug] <- feature_set -i 1 -n resolved_breakpoints -v 1
[20] [Step Debug] -> <response xmlns="urn:debugger_protocol_v1" xmlns:xdebug="https://xdebug.org/dbgp/xdebug" command="feature_set" transaction_id="1" feature="resolved_breakpoints" success="1"></response>

[20] [Step Debug] <- feature_set -i 2 -n notify_ok -v 1
[20] [Step Debug] -> <response xmlns="urn:debugger_protocol_v1" xmlns:xdebug="https://xdebug.org/dbgp/xdebug" command="feature_set" transaction_id="2" feature="notify_ok" success="1"></response>

[20] [Step Debug] <- feature_set -i 3 -n extended_properties -v 1
[20] [Step Debug] -> <response xmlns="urn:debugger_protocol_v1" xmlns:xdebug="https://xdebug.org/dbgp/xdebug" command="feature_set" transaction_id="3" feature="extended_properties" success="1"></response>

[20] [Step Debug] <- feature_get -i 4 -n breakpoint_include_return_value
[20] [Step Debug] -> <response xmlns="urn:debugger_protocol_v1" xmlns:xdebug="https://xdebug.org/dbgp/xdebug" command="feature_get" transaction_id="4" feature_name="breakpoint_include_return_value" supported="0"><![CDATA[0]]></response>

[20] [Step Debug] <- feature_get -i 5 -n virtual_exception_value
[20] [Step Debug] -> <response xmlns="urn:debugger_protocol_v1" xmlns:xdebug="https://xdebug.org/dbgp/xdebug" command="feature_get" transaction_id="5" feature_name="virtual_exception_value" supported="0"><![CDATA[0]]></response>

[20] [Step Debug] <- feature_set -i 6 -n max_children -v 100
[20] [Step Debug] -> <response xmlns="urn:debugger_protocol_v1" xmlns:xdebug="https://xdebug.org/dbgp/xdebug" command="feature_set" transaction_id="6" feature="max_children" success="1"></response>

[20] [Step Debug] <- breakpoint_set -i 7 -t exception -x Notice
[20] [Step Debug] -> <response xmlns="urn:debugger_protocol_v1" xmlns:xdebug="https://xdebug.org/dbgp/xdebug" command="breakpoint_set" transaction_id="7" id="200001" resolved="resolved"></response>

[20] [Step Debug] <- breakpoint_set -i 8 -t exception -x Warning
[20] [Step Debug] -> <response xmlns="urn:debugger_protocol_v1" xmlns:xdebug="https://xdebug.org/dbgp/xdebug" command="breakpoint_set" transaction_id="8" id="200002" resolved="resolved"></response>

[20] [Step Debug] <- breakpoint_set -i 9 -t exception -x Error
[20] [Step Debug] -> <response xmlns="urn:debugger_protocol_v1" xmlns:xdebug="https://xdebug.org/dbgp/xdebug" command="breakpoint_set" transaction_id="9" id="200003" resolved="resolved"></response>

[20] [Step Debug] <- breakpoint_set -i 10 -t exception -x Deprecated
[20] [Step Debug] -> <response xmlns="urn:debugger_protocol_v1" xmlns:xdebug="https://xdebug.org/dbgp/xdebug" command="breakpoint_set" transaction_id="10" id="200004" resolved="resolved"></response>

[20] [Step Debug] <- breakpoint_set -i 11 -t exception -x Exception
[20] [Step Debug] -> <response xmlns="urn:debugger_protocol_v1" xmlns:xdebug="https://xdebug.org/dbgp/xdebug" command="breakpoint_set" transaction_id="11" id="200005" resolved="resolved"></response>

[20] [Step Debug] <- breakpoint_set -i 12 -t exception -x *
[20] [Step Debug] -> <response xmlns="urn:debugger_protocol_v1" xmlns:xdebug="https://xdebug.org/dbgp/xdebug" command="breakpoint_set" transaction_id="12" id="200006" resolved="resolved"></response>

[20] [Step Debug] <- run -i 13
[20] [Step Debug] -> <response xmlns="urn:debugger_protocol_v1" xmlns:xdebug="https://xdebug.org/dbgp/xdebug" command="run" transaction_id="13" status="break" reason="ok"><xdebug:message filename="file:///var/www/html/Config/Database.php" lineno="22" exception="PDOException" code="1049"><![CDATA[SQLSTATE[HY000] [1049] Unknown database 'test']]></xdebug:message></response>

[20] [Step Debug] <- stack_get -i 14
[20] [Step Debug] -> <response xmlns="urn:debugger_protocol_v1" xmlns:xdebug="https://xdebug.org/dbgp/xdebug" command="stack_get" transaction_id="14"><stack where="PDO-&gt;__construct" level="0" type="file" filename="file:///var/www/html/Config/Database.php" lineno="22"></stack><stack where="WWW\Config\Database::getConnection" level="1" type="file" filename="file:///var/www/html/Config/Database.php" lineno="22"></stack><stack where="WWW\Models\User::init" level="2" type="file" filename="file:///var/www/html/Models/User.php" lineno="13"></stack><stack where="WWW\Models\User::all" level="3" type="file" filename="file:///var/www/html/Models/User.php" lineno="18"></stack><stack where="WWW\Controllers\UserController-&gt;index" level="4" type="file" filename="file:///var/www/html/Controllers/UserController.php" lineno="9"></stack><stack where="{main}" level="5" type="file" filename="file:///var/www/html/Public/index.php" lineno="16"></stack></response>

[20] [Step Debug] <- context_names -i 15 -d 0
[20] [Step Debug] -> <response xmlns="urn:debugger_protocol_v1" xmlns:xdebug="https://xdebug.org/dbgp/xdebug" command="context_names" transaction_id="15"><context name="Locals" id="0"></context><context name="Superglobals" id="1"></context><context name="User defined constants" id="2"></context></response>

[20] [Step Debug] <- context_get -i 16 -d 0 -c 0
[20] [Step Debug] -> <response xmlns="urn:debugger_protocol_v1" xmlns:xdebug="https://xdebug.org/dbgp/xdebug" command="context_get" transaction_id="16" context="0"></response>

[20] [Step Debug] <- context_get -i 17 -d 0 -c 1
[20] [Step Debug] -> <response xmlns="urn:debugger_protocol_v1" xmlns:xdebug="https://xdebug.org/dbgp/xdebug" command="context_get" transaction_id="17" context="1"><property name="$_COOKIE" fullname="$_COOKIE" type="array" children="1" numchildren="2" page="0" pagesize="100"><property name="pma_lang" fullname="$_COOKIE[&quot;pma_lang&quot;]" type="string" size="2" encoding="base64"><![CDATA[aXQ=]]></property><property name="pmaUser-1" fullname="$_COOKIE[&quot;pmaUser-1&quot;]" type="string" size="60" encoding="base64"><![CDATA[cHN5d1d0WXpyMVBXME11TUxZdlVDV3h0OEtkdllhVkoxbjJGbWwreEIrcTI0QVkxcGZwa0V6RUt4alk9]]></property></property><property name="$_ENV" fullname="$_ENV" type="array" children="1" numchildren="26" page="0" pagesize="100"><property name="HOSTNAME" fullname="$_ENV[&quot;HOSTNAME&quot;]" type="string" size="12" encoding="base64"><![CDATA[NjRiNzZkNDE1OGYx]]></property><property name="PHP_VERSION" fullname="$_ENV[&quot;PHP_VERSION&quot;]" type="string" size="6" encoding="base64"><![CDATA[Ny40LjE2]]></property><property name="APACHE_CONFDIR" fullname="$_ENV[&quot;APACHE_CONFDIR&quot;]" type="string" size="12" encoding="base64"><![CDATA[L2V0Yy9hcGFjaGUy]]></property><property name="PHP_INI_DIR" fullname="$_ENV[&quot;PHP_INI_DIR&quot;]" type="string" size="18" encoding="base64"><![CDATA[L3Vzci9sb2NhbC9ldGMvcGhw]]></property><property name="GPG_KEYS" fullname="$_ENV[&quot;GPG_KEYS&quot;]" type="string" size="81" encoding="base64"><![CDATA[NDI2NzBBN0ZFNEQwNDQxQzhFNDYzMjM0OUU0RkRDMDc0QTRFRjAyRCA1QTUyODgwNzgxRjc1NTYwOEJGODE1RkM5MTBERUI0NkY1M0VBMzEy]]></property><property name="PHP_LDFLAGS" fullname="$_ENV[&quot;PHP_LDFLAGS&quot;]" type="string" size="12" encoding="base64"><![CDATA[LVdsLC1PMSAtcGll]]></property><property name="PWD" fullname="$_ENV[&quot;PWD&quot;]" type="string" size="13" encoding="base64"><![CDATA[L3Zhci93d3cvaHRtbA==]]></property><property name="APACHE_DOCUMENT_ROOT" fullname="$_ENV[&quot;APACHE_DOCUMENT_ROOT&quot;]" type="string" size="20" encoding="base64"><![CDATA[L3Zhci93d3cvaHRtbC9QdWJsaWM=]]></property><property name="APACHE_LOG_DIR" fullname="$_ENV[&quot;APACHE_LOG_DIR&quot;]" type="string" size="16" encoding="base64"><![CDATA[L3Zhci9sb2cvYXBhY2hlMg==]]></property><property name="LANG" fullname="$_ENV[&quot;LANG&quot;]" type="string" size="1" encoding="base64"><![CDATA[Qw==]]></property><property name="PHP_SHA256" fullname="$_ENV[&quot;PHP_SHA256&quot;]" type="string" size="64" encoding="base64"><![CDATA[MWMxNmNlZmFmODhkZWQ0YzkyZWVkNmE4YTQxZWI2ODJiYjJlZjQyNDI5ZGViNTVmMWM0YmExNTkwNTNmYjk4Yg==]]></property><property name="APACHE_PID_FILE" fullname="$_ENV[&quot;APACHE_PID_FILE&quot;]" type="string" size="28" encoding="base64"><![CDATA[L3Zhci9ydW4vYXBhY2hlMi9hcGFjaGUyLnBpZA==]]></property><property type="string" size="76"><name encoding="base64"><![CDATA[UEhQSVpFX0RFUFM=]]></name><fullname encoding="base64"><![CDATA[JF9FTlZbIlBIUElaRV9ERVBTIl0=]]></fullname><value encoding="base64"><![CDATA[YXV0b2NvbmYgCQlkcGtnLWRldiAJCWZpbGUgCQlnKysgCQlnY2MgCQlsaWJjLWRldiAJCW1ha2UgCQlwa2ctY29uZmlnIAkJcmUyYw==]]></value></property><property name="PHP_URL" fullname="$_ENV[&quot;PHP_URL&quot;]" type="string" size="51" encoding="base64"><![CDATA[aHR0cHM6Ly93d3cucGhwLm5ldC9kaXN0cmlidXRpb25zL3BocC03LjQuMTYudGFyLnh6]]></property><property name="APACHE_RUN_GROUP" fullname="$_ENV[&quot;APACHE_RUN_GROUP&quot;]" type="string" size="8" encoding="base64"><![CDATA[d3d3LWRhdGE=]]></property><property name="APACHE_LOCK_DIR" fullname="$_ENV[&quot;APACHE_LOCK_DIR&quot;]" type="string" size="17" encoding="base64"><![CDATA[L3Zhci9sb2NrL2FwYWNoZTI=]]></property><property name="PHP_EXTRA_CONFIGURE_ARGS" fullname="$_ENV[&quot;PHP_EXTRA_CONFIGURE_ARGS&quot;]" type="string" size="26" encoding="base64"><![CDATA[LS13aXRoLWFweHMyIC0tZGlzYWJsZS1jZ2k=]]></property><property name="SHLVL" fullname="$_ENV[&quot;SHLVL&quot;]" type="string" size="1" encoding="base64"><![CDATA[MA==]]></property><property name="PHP_CFLAGS" fullname="$_ENV[&quot;PHP_CFLAGS&quot;]" type="string" size="83" encoding="base64"><![CDATA[LWZzdGFjay1wcm90ZWN0b3Itc3Ryb25nIC1mcGljIC1mcGllIC1PMiAtRF9MQVJHRUZJTEVfU09VUkNFIC1EX0ZJTEVfT0ZGU0VUX0JJVFM9NjQ=]]></property><property name="APACHE_RUN_DIR" fullname="$_ENV[&quot;APACHE_RUN_DIR&quot;]" type="string" size="16" encoding="base64"><![CDATA[L3Zhci9ydW4vYXBhY2hlMg==]]></property><property name="APACHE_ENVVARS" fullname="$_ENV[&quot;APACHE_ENVVARS&quot;]" type="string" size="20" encoding="base64"><![CDATA[L2V0Yy9hcGFjaGUyL2VudnZhcnM=]]></property><property name="APACHE_RUN_USER" fullname="$_ENV[&quot;APACHE_RUN_USER&quot;]" type="string" size="8" encoding="base64"><![CDATA[d3d3LWRhdGE=]]></property><property name="PATH" fullname="$_ENV[&quot;PATH&quot;]" type="string" size="60" encoding="base64"><![CDATA[L3Vzci9sb2NhbC9zYmluOi91c3IvbG9jYWwvYmluOi91c3Ivc2JpbjovdXNyL2Jpbjovc2JpbjovYmlu]]></property><property name="PHP_EXTRA_BUILD_DEPS" fullname="$_ENV[&quot;PHP_EXTRA_BUILD_DEPS&quot;]" type="string" size="11" encoding="base64"><![CDATA[YXBhY2hlMi1kZXY=]]></property><property name="PHP_ASC_URL" fullname="$_ENV[&quot;PHP_ASC_URL&quot;]" type="string" size="55" encoding="base64"><![CDATA[aHR0cHM6Ly93d3cucGhwLm5ldC9kaXN0cmlidXRpb25zL3BocC03LjQuMTYudGFyLnh6LmFzYw==]]></property><property name="PHP_CPPFLAGS" fullname="$_ENV[&quot;PHP_CPPFLAGS&quot;]" type="string" size="83" encoding="base64"><![CDATA[LWZzdGFjay1wcm90ZWN0b3Itc3Ryb25nIC1mcGljIC1mcGllIC1PMiAtRF9MQVJHRUZJTEVfU09VUkNFIC1EX0ZJTEVfT0ZGU0VUX0JJVFM9NjQ=]]></property></property><property name="$_FILES" fullname="$_FILES" type="array" children="0" numchildren="0" page="0" pagesize="100"></property><property name="$_GET" fullname="$_GET" type="array" children="1" numchildren="1" page="0" pagesize="100"><property name="url" fullname="$_GET[&quot;url&quot;]" type="string" size="5" encoding="base64"><![CDATA[dXNlcnM=]]></property></property><property name="$_POST" fullname="$_POST" type="array" children="0" numchildren="0" page="0" pagesize="100"></property><property name="$_REQUEST" fullname="$_REQUEST" type="array" children="1" numchildren="3" page="0" pagesize="100"><property name="url" fullname="$_REQUEST[&quot;url&quot;]" type="string" size="5" encoding="base64"><![CDATA[dXNlcnM=]]></property><property name="pma_lang" fullname="$_REQUEST[&quot;pma_lang&quot;]" type="string" size="2" encoding="base64"><![CDATA[aXQ=]]></property><property name="pmaUser-1" fullname="$_REQUEST[&quot;pmaUser-1&quot;]" type="string" size="60" encoding="base64"><![CDATA[cHN5d1d0WXpyMVBXME11TUxZdlVDV3h0OEtkdllhVkoxbjJGbWwreEIrcTI0QVkxcGZwa0V6RUt4alk9]]></property></property><property name="$_SERVER" fullname="$_SERVER" type="array" children="1" numchildren="41" page="0" pagesize="100"><property name="REDIRECT_STATUS" fullname="$_SERVER[&quot;REDIRECT_STATUS&quot;]" type="string" size="3" encoding="base64"><![CDATA[MjAw]]></property><property name="HTTP_HOST" fullname="$_SERVER[&quot;HTTP_HOST&quot;]" type="string" size="14" encoding="base64"><![CDATA[bG9jYWxob3N0OjgwODA=]]></property><property name="HTTP_USER_AGENT" fullname="$_SERVER[&quot;HTTP_USER_AGENT&quot;]" type="string" size="70" encoding="base64"><![CDATA[TW96aWxsYS81LjAgKFgxMTsgTGludXggeDg2XzY0OyBydjoxNDcuMCkgR2Vja28vMjAxMDAxMDEgRmlyZWZveC8xNDcuMA==]]></property><property name="HTTP_ACCEPT" fullname="$_SERVER[&quot;HTTP_ACCEPT&quot;]" type="string" size="63" encoding="base64"><![CDATA[dGV4dC9odG1sLGFwcGxpY2F0aW9uL3hodG1sK3htbCxhcHBsaWNhdGlvbi94bWw7cT0wLjksKi8qO3E9MC44]]></property><property name="HTTP_ACCEPT_LANGUAGE" fullname="$_SERVER[&quot;HTTP_ACCEPT_LANGUAGE&quot;]" type="string" size="35" encoding="base64"><![CDATA[aXQtSVQsaXQ7cT0wLjksZW4tVVM7cT0wLjgsZW47cT0wLjc=]]></property><property name="HTTP_ACCEPT_ENCODING" fullname="$_SERVER[&quot;HTTP_ACCEPT_ENCODING&quot;]" type="string" size="23" encoding="base64"><![CDATA[Z3ppcCwgZGVmbGF0ZSwgYnIsIHpzdGQ=]]></property><property name="HTTP_CONNECTION" fullname="$_SERVER[&quot;HTTP_CONNECTION&quot;]" type="string" size="10" encoding="base64"><![CDATA[a2VlcC1hbGl2ZQ==]]></property><property name="HTTP_COOKIE" fullname="$_SERVER[&quot;HTTP_COOKIE&quot;]" type="string" size="89" encoding="base64"><![CDATA[cG1hX2xhbmc9aXQ7IHBtYVVzZXItMT1wc3l3V3RZenIxUFcwTXVNTFl2VUNXeHQ4S2R2WWFWSjFuMkZtbCUyQnhCJTJCcTI0QVkxcGZwa0V6RUt4alklM0Q=]]></property><property name="HTTP_UPGRADE_INSECURE_REQUESTS" fullname="$_SERVER[&quot;HTTP_UPGRADE_INSECURE_REQUESTS&quot;]" type="string" size="1" encoding="base64"><![CDATA[MQ==]]></property><property name="HTTP_SEC_FETCH_DEST" fullname="$_SERVER[&quot;HTTP_SEC_FETCH_DEST&quot;]" type="string" size="8" encoding="base64"><![CDATA[ZG9jdW1lbnQ=]]></property><property name="HTTP_SEC_FETCH_MODE" fullname="$_SERVER[&quot;HTTP_SEC_FETCH_MODE&quot;]" type="string" size="8" encoding="base64"><![CDATA[bmF2aWdhdGU=]]></property><property name="HTTP_SEC_FETCH_SITE" fullname="$_SERVER[&quot;HTTP_SEC_FETCH_SITE&quot;]" type="string" size="4" encoding="base64"><![CDATA[bm9uZQ==]]></property><property name="HTTP_SEC_FETCH_USER" fullname="$_SERVER[&quot;HTTP_SEC_FETCH_USER&quot;]" type="string" size="2" encoding="base64"><![CDATA[PzE=]]></property><property name="HTTP_PRIORITY" fullname="$_SERVER[&quot;HTTP_PRIORITY&quot;]" type="string" size="6" encoding="base64"><![CDATA[dT0wLCBp]]></property><property name="PATH" fullname="$_SERVER[&quot;PATH&quot;]" type="string" size="60" encoding="base64"><![CDATA[L3Vzci9sb2NhbC9zYmluOi91c3IvbG9jYWwvYmluOi91c3Ivc2JpbjovdXNyL2Jpbjovc2JpbjovYmlu]]></property><property type="string" size="72"><name encoding="base64"><![CDATA[U0VSVkVSX1NJR05BVFVSRQ==]]></name><fullname encoding="base64"><![CDATA[JF9TRVJWRVJbIlNFUlZFUl9TSUdOQVRVUkUiXQ==]]></fullname><value encoding="base64"><![CDATA[PGFkZHJlc3M+QXBhY2hlLzIuNC4zOCAoRGViaWFuKSBTZXJ2ZXIgYXQgbG9jYWxob3N0IFBvcnQgODA4MDwvYWRkcmVzcz4K]]></value></property><property name="SERVER_SOFTWARE" fullname="$_SERVER[&quot;SERVER_SOFTWARE&quot;]" type="string" size="22" encoding="base64"><![CDATA[QXBhY2hlLzIuNC4zOCAoRGViaWFuKQ==]]></property><property name="SERVER_NAME" fullname="$_SERVER[&quot;SERVER_NAME&quot;]" type="string" size="9" encoding="base64"><![CDATA[bG9jYWxob3N0]]></property><property name="SERVER_ADDR" fullname="$_SERVER[&quot;SERVER_ADDR&quot;]" type="string" size="10" encoding="base64"><![CDATA[MTcyLjE4LjAuNA==]]></property><property name="SERVER_PORT" fullname="$_SERVER[&quot;SERVER_PORT&quot;]" type="string" size="4" encoding="base64"><![CDATA[ODA4MA==]]></property><property name="REMOTE_ADDR" fullname="$_SERVER[&quot;REMOTE_ADDR&quot;]" type="string" size="11" encoding="base64"><![CDATA[MTg1Ljg1LjAuMjk=]]></property><property name="DOCUMENT_ROOT" fullname="$_SERVER[&quot;DOCUMENT_ROOT&quot;]" type="string" size="20" encoding="base64"><![CDATA[L3Zhci93d3cvaHRtbC9QdWJsaWM=]]></property><property name="REQUEST_SCHEME" fullname="$_SERVER[&quot;REQUEST_SCHEME&quot;]" type="string" size="4" encoding="base64"><![CDATA[aHR0cA==]]></property><property name="CONTEXT_PREFIX" fullname="$_SERVER[&quot;CONTEXT_PREFIX&quot;]" type="string" size="0" encoding="base64"><![CDATA[]]></property><property name="CONTEXT_DOCUMENT_ROOT" fullname="$_SERVER[&quot;CONTEXT_DOCUMENT_ROOT&quot;]" type="string" size="20" encoding="base64"><![CDATA[L3Zhci93d3cvaHRtbC9QdWJsaWM=]]></property><property name="SERVER_ADMIN" fullname="$_SERVER[&quot;SERVER_ADMIN&quot;]" type="string" size="19" encoding="base64"><![CDATA[d2VibWFzdGVyQGxvY2FsaG9zdA==]]></property><property name="SCRIPT_FILENAME" fullname="$_SERVER[&quot;SCRIPT_FILENAME&quot;]" type="string" size="30" encoding="base64"><![CDATA[L3Zhci93d3cvaHRtbC9QdWJsaWMvaW5kZXgucGhw]]></property><property name="REMOTE_PORT" fullname="$_SERVER[&quot;REMOTE_PORT&quot;]" type="string" size="5" encoding="base64"><![CDATA[MjM2MjQ=]]></property><property name="REDIRECT_URL" fullname="$_SERVER[&quot;REDIRECT_URL&quot;]" type="string" size="6" encoding="base64"><![CDATA[L3VzZXJz]]></property><property name="REDIRECT_QUERY_STRING" fullname="$_SERVER[&quot;REDIRECT_QUERY_STRING&quot;]" type="string" size="9" encoding="base64"><![CDATA[dXJsPXVzZXJz]]></property><property name="GATEWAY_INTERFACE" fullname="$_SERVER[&quot;GATEWAY_INTERFACE&quot;]" type="string" size="7" encoding="base64"><![CDATA[Q0dJLzEuMQ==]]></property><property name="SERVER_PROTOCOL" fullname="$_SERVER[&quot;SERVER_PROTOCOL&quot;]" type="string" size="8" encoding="base64"><![CDATA[SFRUUC8xLjE=]]></property><property name="REQUEST_METHOD" fullname="$_SERVER[&quot;REQUEST_METHOD&quot;]" type="string" size="3" encoding="base64"><![CDATA[R0VU]]></property><property name="QUERY_STRING" fullname="$_SERVER[&quot;QUERY_STRING&quot;]" type="string" size="9" encoding="base64"><![CDATA[dXJsPXVzZXJz]]></property><property name="REQUEST_URI" fullname="$_SERVER[&quot;REQUEST_URI&quot;]" type="string" size="6" encoding="base64"><![CDATA[L3VzZXJz]]></property><property name="SCRIPT_NAME" fullname="$_SERVER[&quot;SCRIPT_NAME&quot;]" type="string" size="10" encoding="base64"><![CDATA[L2luZGV4LnBocA==]]></property><property name="PHP_SELF" fullname="$_SERVER[&quot;PHP_SELF&quot;]" type="string" size="10" encoding="base64"><![CDATA[L2luZGV4LnBocA==]]></property><property name="REQUEST_TIME_FLOAT" fullname="$_SERVER[&quot;REQUEST_TIME_FLOAT&quot;]" type="float"><![CDATA[1771398956.0695]]></property><property name="REQUEST_TIME" fullname="$_SERVER[&quot;REQUEST_TIME&quot;]" type="int"><![CDATA[1771398956]]></property><property name="argv" fullname="$_SERVER[&quot;argv&quot;]" type="array" children="1" numchildren="1"></property><property name="argc" fullname="$_SERVER[&quot;argc&quot;]" type="int"><![CDATA[1]]></property></property></response>

[20] [Step Debug] <- context_get -i 18 -d 0 -c 2
[20] [Step Debug] -> <response xmlns="urn:debugger_protocol_v1" xmlns:xdebug="https://xdebug.org/dbgp/xdebug" command="context_get" transaction_id="18" context="2"></response>

[21] Log opened at 2026-02-18 07:19:43.035813
[21] [Step Debug] INFO: Connecting to configured address/port: host.docker.internal:9003.
[21] [Step Debug] INFO: Connected to debugging client: host.docker.internal:9003 (through xdebug.client_host/xdebug.client_port). :-)
[21] [Step Debug] -> <init xmlns="urn:debugger_protocol_v1" xmlns:xdebug="https://xdebug.org/dbgp/xdebug" fileuri="file:///var/www/html/Public/index.php" language="PHP" xdebug:language_version="7.4.16" protocol_version="1.0" appid="21"><engine version="3.1.6"><![CDATA[Xdebug]]></engine><author><![CDATA[Derick Rethans]]></author><url><![CDATA[https://xdebug.org]]></url><copyright><![CDATA[Copyright (c) 2002-2022 by Derick Rethans]]></copyright></init>

[21] [Step Debug] <- feature_set -i 1 -n resolved_breakpoints -v 1
[21] [Step Debug] -> <response xmlns="urn:debugger_protocol_v1" xmlns:xdebug="https://xdebug.org/dbgp/xdebug" command="feature_set" transaction_id="1" feature="resolved_breakpoints" success="1"></response>

[21] [Step Debug] <- feature_set -i 2 -n notify_ok -v 1
[21] [Step Debug] -> <response xmlns="urn:debugger_protocol_v1" xmlns:xdebug="https://xdebug.org/dbgp/xdebug" command="feature_set" transaction_id="2" feature="notify_ok" success="1"></response>

[21] [Step Debug] <- feature_set -i 3 -n extended_properties -v 1
[21] [Step Debug] -> <response xmlns="urn:debugger_protocol_v1" xmlns:xdebug="https://xdebug.org/dbgp/xdebug" command="feature_set" transaction_id="3" feature="extended_properties" success="1"></response>

[21] [Step Debug] <- feature_get -i 4 -n breakpoint_include_return_value
[21] [Step Debug] -> <response xmlns="urn:debugger_protocol_v1" xmlns:xdebug="https://xdebug.org/dbgp/xdebug" command="feature_get" transaction_id="4" feature_name="breakpoint_include_return_value" supported="0"><![CDATA[0]]></response>

[21] [Step Debug] <- feature_get -i 5 -n virtual_exception_value
[21] [Step Debug] -> <response xmlns="urn:debugger_protocol_v1" xmlns:xdebug="https://xdebug.org/dbgp/xdebug" command="feature_get" transaction_id="5" feature_name="virtual_exception_value" supported="0"><![CDATA[0]]></response>

[21] [Step Debug] <- feature_set -i 6 -n max_children -v 100
[21] [Step Debug] -> <response xmlns="urn:debugger_protocol_v1" xmlns:xdebug="https://xdebug.org/dbgp/xdebug" command="feature_set" transaction_id="6" feature="max_children" success="1"></response>

[21] [Step Debug] <- breakpoint_set -i 7 -t exception -x Notice
[21] [Step Debug] -> <response xmlns="urn:debugger_protocol_v1" xmlns:xdebug="https://xdebug.org/dbgp/xdebug" command="breakpoint_set" transaction_id="7" id="210001" resolved="resolved"></response>

[21] [Step Debug] <- breakpoint_set -i 8 -t exception -x Warning
[21] [Step Debug] -> <response xmlns="urn:debugger_protocol_v1" xmlns:xdebug="https://xdebug.org/dbgp/xdebug" command="breakpoint_set" transaction_id="8" id="210002" resolved="resolved"></response>

[21] [Step Debug] <- breakpoint_set -i 9 -t exception -x Error
[21] [Step Debug] -> <response xmlns="urn:debugger_protocol_v1" xmlns:xdebug="https://xdebug.org/dbgp/xdebug" command="breakpoint_set" transaction_id="9" id="210003" resolved="resolved"></response>

[21] [Step Debug] <- breakpoint_set -i 10 -t exception -x Deprecated
[21] [Step Debug] -> <response xmlns="urn:debugger_protocol_v1" xmlns:xdebug="https://xdebug.org/dbgp/xdebug" command="breakpoint_set" transaction_id="10" id="210004" resolved="resolved"></response>

[21] [Step Debug] <- breakpoint_set -i 11 -t exception -x Exception
[21] [Step Debug] -> <response xmlns="urn:debugger_protocol_v1" xmlns:xdebug="https://xdebug.org/dbgp/xdebug" command="breakpoint_set" transaction_id="11" id="210005" resolved="resolved"></response>

[21] [Step Debug] <- breakpoint_set -i 12 -t exception -x *
[21] [Step Debug] -> <response xmlns="urn:debugger_protocol_v1" xmlns:xdebug="https://xdebug.org/dbgp/xdebug" command="breakpoint_set" transaction_id="12" id="210006" resolved="resolved"></response>

[21] [Step Debug] <- run -i 13
[21] [Step Debug] -> <response xmlns="urn:debugger_protocol_v1" xmlns:xdebug="https://xdebug.org/dbgp/xdebug" command="run" transaction_id="13" status="stopping" reason="ok"></response>

[21] [Step Debug] <- stop -i 14
[21] [Step Debug] -> <response xmlns="urn:debugger_protocol_v1" xmlns:xdebug="https://xdebug.org/dbgp/xdebug" command="stop" transaction_id="14" status="stopped" reason="ok"></response>

[21] Log closed at 2026-02-18 07:19:43.047529

[21] Log opened at 2026-02-18 07:19:45.001110
[21] [Step Debug] INFO: Connecting to configured address/port: host.docker.internal:9003.
[21] [Step Debug] INFO: Connected to debugging client: host.docker.internal:9003 (through xdebug.client_host/xdebug.client_port). :-)
[21] [Step Debug] -> <init xmlns="urn:debugger_protocol_v1" xmlns:xdebug="https://xdebug.org/dbgp/xdebug" fileuri="file:///var/www/html/Public/index.php" language="PHP" xdebug:language_version="7.4.16" protocol_version="1.0" appid="21"><engine version="3.1.6"><![CDATA[Xdebug]]></engine><author><![CDATA[Derick Rethans]]></author><url><![CDATA[https://xdebug.org]]></url><copyright><![CDATA[Copyright (c) 2002-2022 by Derick Rethans]]></copyright></init>

[21] [Step Debug] <- feature_set -i 1 -n resolved_breakpoints -v 1
[21] [Step Debug] -> <response xmlns="urn:debugger_protocol_v1" xmlns:xdebug="https://xdebug.org/dbgp/xdebug" command="feature_set" transaction_id="1" feature="resolved_breakpoints" success="1"></response>

[21] [Step Debug] <- feature_set -i 2 -n notify_ok -v 1
[21] [Step Debug] -> <response xmlns="urn:debugger_protocol_v1" xmlns:xdebug="https://xdebug.org/dbgp/xdebug" command="feature_set" transaction_id="2" feature="notify_ok" success="1"></response>

[21] [Step Debug] <- feature_set -i 3 -n extended_properties -v 1
[21] [Step Debug] -> <response xmlns="urn:debugger_protocol_v1" xmlns:xdebug="https://xdebug.org/dbgp/xdebug" command="feature_set" transaction_id="3" feature="extended_properties" success="1"></response>

[21] [Step Debug] <- feature_get -i 4 -n breakpoint_include_return_value
[21] [Step Debug] -> <response xmlns="urn:debugger_protocol_v1" xmlns:xdebug="https://xdebug.org/dbgp/xdebug" command="feature_get" transaction_id="4" feature_name="breakpoint_include_return_value" supported="0"><![CDATA[0]]></response>

[21] [Step Debug] <- feature_get -i 5 -n virtual_exception_value
[21] [Step Debug] -> <response xmlns="urn:debugger_protocol_v1" xmlns:xdebug="https://xdebug.org/dbgp/xdebug" command="feature_get" transaction_id="5" feature_name="virtual_exception_value" supported="0"><![CDATA[0]]></response>

[21] [Step Debug] <- feature_set -i 6 -n max_children -v 100
[21] [Step Debug] -> <response xmlns="urn:debugger_protocol_v1" xmlns:xdebug="https://xdebug.org/dbgp/xdebug" command="feature_set" transaction_id="6" feature="max_children" success="1"></response>

[21] [Step Debug] <- breakpoint_set -i 7 -t exception -x Notice
[21] [Step Debug] -> <response xmlns="urn:debugger_protocol_v1" xmlns:xdebug="https://xdebug.org/dbgp/xdebug" command="breakpoint_set" transaction_id="7" id="210007" resolved="resolved"></response>

[21] [Step Debug] <- breakpoint_set -i 8 -t exception -x Warning
[21] [Step Debug] -> <response xmlns="urn:debugger_protocol_v1" xmlns:xdebug="https://xdebug.org/dbgp/xdebug" command="breakpoint_set" transaction_id="8" id="210008" resolved="resolved"></response>

[21] [Step Debug] <- breakpoint_set -i 9 -t exception -x Error
[21] [Step Debug] -> <response xmlns="urn:debugger_protocol_v1" xmlns:xdebug="https://xdebug.org/dbgp/xdebug" command="breakpoint_set" transaction_id="9" id="210009" resolved="resolved"></response>

[21] [Step Debug] <- breakpoint_set -i 10 -t exception -x Deprecated
[21] [Step Debug] -> <response xmlns="urn:debugger_protocol_v1" xmlns:xdebug="https://xdebug.org/dbgp/xdebug" command="breakpoint_set" transaction_id="10" id="210010" resolved="resolved"></response>

[21] [Step Debug] <- breakpoint_set -i 11 -t exception -x Exception
[21] [Step Debug] -> <response xmlns="urn:debugger_protocol_v1" xmlns:xdebug="https://xdebug.org/dbgp/xdebug" command="breakpoint_set" transaction_id="11" id="210011" resolved="resolved"></response>

[21] [Step Debug] <- breakpoint_set -i 12 -t exception -x *
[21] [Step Debug] -> <response xmlns="urn:debugger_protocol_v1" xmlns:xdebug="https://xdebug.org/dbgp/xdebug" command="breakpoint_set" transaction_id="12" id="210012" resolved="resolved"></response>

[21] [Step Debug] <- run -i 13
[21] [Step Debug] -> <response xmlns="urn:debugger_protocol_v1" xmlns:xdebug="https://xdebug.org/dbgp/xdebug" command="run" transaction_id="13" status="stopping" reason="ok"></response>

[21] [Step Debug] <- stop -i 14
[21] [Step Debug] -> <response xmlns="urn:debugger_protocol_v1" xmlns:xdebug="https://xdebug.org/dbgp/xdebug" command="stop" transaction_id="14" status="stopped" reason="ok"></response>

[21] Log closed at 2026-02-18 07:19:45.013412

[22] Log opened at 2026-02-18 07:19:50.199168
[22] [Step Debug] INFO: Connecting to configured address/port: host.docker.internal:9003.
[22] [Step Debug] INFO: Connected to debugging client: host.docker.internal:9003 (through xdebug.client_host/xdebug.client_port). :-)
[22] [Step Debug] -> <init xmlns="urn:debugger_protocol_v1" xmlns:xdebug="https://xdebug.org/dbgp/xdebug" fileuri="file:///var/www/html/Public/index.php" language="PHP" xdebug:language_version="7.4.16" protocol_version="1.0" appid="22"><engine version="3.1.6"><![CDATA[Xdebug]]></engine><author><![CDATA[Derick Rethans]]></author><url><![CDATA[https://xdebug.org]]></url><copyright><![CDATA[Copyright (c) 2002-2022 by Derick Rethans]]></copyright></init>

[22] [Step Debug] <- feature_set -i 1 -n resolved_breakpoints -v 1
[22] [Step Debug] -> <response xmlns="urn:debugger_protocol_v1" xmlns:xdebug="https://xdebug.org/dbgp/xdebug" command="feature_set" transaction_id="1" feature="resolved_breakpoints" success="1"></response>

[22] [Step Debug] <- feature_set -i 2 -n notify_ok -v 1
[22] [Step Debug] -> <response xmlns="urn:debugger_protocol_v1" xmlns:xdebug="https://xdebug.org/dbgp/xdebug" command="feature_set" transaction_id="2" feature="notify_ok" success="1"></response>

[22] [Step Debug] <- feature_set -i 3 -n extended_properties -v 1
[22] [Step Debug] -> <response xmlns="urn:debugger_protocol_v1" xmlns:xdebug="https://xdebug.org/dbgp/xdebug" command="feature_set" transaction_id="3" feature="extended_properties" success="1"></response>

[22] [Step Debug] <- feature_get -i 4 -n breakpoint_include_return_value
[22] [Step Debug] -> <response xmlns="urn:debugger_protocol_v1" xmlns:xdebug="https://xdebug.org/dbgp/xdebug" command="feature_get" transaction_id="4" feature_name="breakpoint_include_return_value" supported="0"><![CDATA[0]]></response>

[22] [Step Debug] <- feature_get -i 5 -n virtual_exception_value
[22] [Step Debug] -> <response xmlns="urn:debugger_protocol_v1" xmlns:xdebug="https://xdebug.org/dbgp/xdebug" command="feature_get" transaction_id="5" feature_name="virtual_exception_value" supported="0"><![CDATA[0]]></response>

[22] [Step Debug] <- feature_set -i 6 -n max_children -v 100
[22] [Step Debug] -> <response xmlns="urn:debugger_protocol_v1" xmlns:xdebug="https://xdebug.org/dbgp/xdebug" command="feature_set" transaction_id="6" feature="max_children" success="1"></response>

[22] [Step Debug] <- breakpoint_set -i 7 -t exception -x Notice
[22] [Step Debug] -> <response xmlns="urn:debugger_protocol_v1" xmlns:xdebug="https://xdebug.org/dbgp/xdebug" command="breakpoint_set" transaction_id="7" id="220001" resolved="resolved"></response>

[22] [Step Debug] <- breakpoint_set -i 8 -t exception -x Warning
[22] [Step Debug] -> <response xmlns="urn:debugger_protocol_v1" xmlns:xdebug="https://xdebug.org/dbgp/xdebug" command="breakpoint_set" transaction_id="8" id="220002" resolved="resolved"></response>

[22] [Step Debug] <- breakpoint_set -i 9 -t exception -x Error
[22] [Step Debug] -> <response xmlns="urn:debugger_protocol_v1" xmlns:xdebug="https://xdebug.org/dbgp/xdebug" command="breakpoint_set" transaction_id="9" id="220003" resolved="resolved"></response>

[22] [Step Debug] <- breakpoint_set -i 10 -t exception -x Deprecated
[22] [Step Debug] -> <response xmlns="urn:debugger_protocol_v1" xmlns:xdebug="https://xdebug.org/dbgp/xdebug" command="breakpoint_set" transaction_id="10" id="220004" resolved="resolved"></response>

[22] [Step Debug] <- breakpoint_set -i 11 -t exception -x Exception
[22] [Step Debug] -> <response xmlns="urn:debugger_protocol_v1" xmlns:xdebug="https://xdebug.org/dbgp/xdebug" command="breakpoint_set" transaction_id="11" id="220005" resolved="resolved"></response>

[22] [Step Debug] <- breakpoint_set -i 12 -t exception -x *
[22] [Step Debug] -> <response xmlns="urn:debugger_protocol_v1" xmlns:xdebug="https://xdebug.org/dbgp/xdebug" command="breakpoint_set" transaction_id="12" id="220006" resolved="resolved"></response>

[22] [Step Debug] <- run -i 13
[22] [Step Debug] -> <response xmlns="urn:debugger_protocol_v1" xmlns:xdebug="https://xdebug.org/dbgp/xdebug" command="run" transaction_id="13" status="stopping" reason="ok"></response>

[22] [Step Debug] <- stop -i 14
[22] [Step Debug] -> <response xmlns="urn:debugger_protocol_v1" xmlns:xdebug="https://xdebug.org/dbgp/xdebug" command="stop" transaction_id="14" status="stopped" reason="ok"></response>

[22] Log closed at 2026-02-18 07:19:50.212884

[19] Log opened at 2026-02-18 07:25:36.717171
[19] [Step Debug] INFO: Connecting to configured address/port: host.docker.internal:9003.
[19] [Step Debug] INFO: Connected to debugging client: host.docker.internal:9003 (through xdebug.client_host/xdebug.client_port). :-)
[19] [Step Debug] -> <init xmlns="urn:debugger_protocol_v1" xmlns:xdebug="https://xdebug.org/dbgp/xdebug" fileuri="file:///var/www/html/Public/index.php" language="PHP" xdebug:language_version="7.4.16" protocol_version="1.0" appid="19"><engine version="3.1.6"><![CDATA[Xdebug]]></engine><author><![CDATA[Derick Rethans]]></author><url><![CDATA[https://xdebug.org]]></url><copyright><![CDATA[Copyright (c) 2002-2022 by Derick Rethans]]></copyright></init>

[19] [Step Debug] <- feature_set -i 1 -n resolved_breakpoints -v 1
[19] [Step Debug] -> <response xmlns="urn:debugger_protocol_v1" xmlns:xdebug="https://xdebug.org/dbgp/xdebug" command="feature_set" transaction_id="1" feature="resolved_breakpoints" success="1"></response>

[19] [Step Debug] <- feature_set -i 2 -n notify_ok -v 1
[19] [Step Debug] -> <response xmlns="urn:debugger_protocol_v1" xmlns:xdebug="https://xdebug.org/dbgp/xdebug" command="feature_set" transaction_id="2" feature="notify_ok" success="1"></response>

[19] [Step Debug] <- feature_set -i 3 -n extended_properties -v 1
[19] [Step Debug] -> <response xmlns="urn:debugger_protocol_v1" xmlns:xdebug="https://xdebug.org/dbgp/xdebug" command="feature_set" transaction_id="3" feature="extended_properties" success="1"></response>

[19] [Step Debug] <- feature_get -i 4 -n breakpoint_include_return_value
[19] [Step Debug] -> <response xmlns="urn:debugger_protocol_v1" xmlns:xdebug="https://xdebug.org/dbgp/xdebug" command="feature_get" transaction_id="4" feature_name="breakpoint_include_return_value" supported="0"><![CDATA[0]]></response>

[19] [Step Debug] <- feature_get -i 5 -n virtual_exception_value
[19] [Step Debug] -> <response xmlns="urn:debugger_protocol_v1" xmlns:xdebug="https://xdebug.org/dbgp/xdebug" command="feature_get" transaction_id="5" feature_name="virtual_exception_value" supported="0"><![CDATA[0]]></response>

[19] [Step Debug] <- feature_set -i 6 -n max_children -v 100
[19] [Step Debug] -> <response xmlns="urn:debugger_protocol_v1" xmlns:xdebug="https://xdebug.org/dbgp/xdebug" command="feature_set" transaction_id="6" feature="max_children" success="1"></response>

[19] [Step Debug] <- breakpoint_set -i 7 -t exception -x Notice
[19] [Step Debug] -> <response xmlns="urn:debugger_protocol_v1" xmlns:xdebug="https://xdebug.org/dbgp/xdebug" command="breakpoint_set" transaction_id="7" id="190001" resolved="resolved"></response>

[19] [Step Debug] <- breakpoint_set -i 8 -t exception -x Warning
[19] [Step Debug] -> <response xmlns="urn:debugger_protocol_v1" xmlns:xdebug="https://xdebug.org/dbgp/xdebug" command="breakpoint_set" transaction_id="8" id="190002" resolved="resolved"></response>

[19] [Step Debug] <- breakpoint_set -i 9 -t exception -x Error
[19] [Step Debug] -> <response xmlns="urn:debugger_protocol_v1" xmlns:xdebug="https://xdebug.org/dbgp/xdebug" command="breakpoint_set" transaction_id="9" id="190003" resolved="resolved"></response>

[19] [Step Debug] <- breakpoint_set -i 10 -t exception -x Deprecated
[19] [Step Debug] -> <response xmlns="urn:debugger_protocol_v1" xmlns:xdebug="https://xdebug.org/dbgp/xdebug" command="breakpoint_set" transaction_id="10" id="190004" resolved="resolved"></response>

[19] [Step Debug] <- breakpoint_set -i 11 -t exception -x Exception
[19] [Step Debug] -> <response xmlns="urn:debugger_protocol_v1" xmlns:xdebug="https://xdebug.org/dbgp/xdebug" command="breakpoint_set" transaction_id="11" id="190005" resolved="resolved"></response>

[19] [Step Debug] <- breakpoint_set -i 12 -t exception -x *
[19] [Step Debug] -> <response xmlns="urn:debugger_protocol_v1" xmlns:xdebug="https://xdebug.org/dbgp/xdebug" command="breakpoint_set" transaction_id="12" id="190006" resolved="resolved"></response>

[19] [Step Debug] <- run -i 13
[19] [Step Debug] -> <response xmlns="urn:debugger_protocol_v1" xmlns:xdebug="https://xdebug.org/dbgp/xdebug" command="run" transaction_id="13" status="stopping" reason="ok"></response>

[19] [Step Debug] <- stop -i 14
[19] [Step Debug] -> <response xmlns="urn:debugger_protocol_v1" xmlns:xdebug="https://xdebug.org/dbgp/xdebug" command="stop" transaction_id="14" status="stopped" reason="ok"></response>

[19] Log closed at 2026-02-18 07:25:36.731259

[20] [Step Debug] <- stop -i 19
[20] [Step Debug] -> <response xmlns="urn:debugger_protocol_v1" xmlns:xdebug="https://xdebug.org/dbgp/xdebug" command="stop" transaction_id="19" status="stopped" reason="ok"></response>

[20] [Step Debug] -> <notify xmlns="urn:debugger_protocol_v1" xmlns:xdebug="https://xdebug.org/dbgp/xdebug" name="error"><xdebug:message filename="file:///var/www/html/Config/Database.php" lineno="22" type="Fatal error"><![CDATA[Uncaught PDOException: SQLSTATE[HY000] [1049] Unknown database 'test']]></xdebug:message></notify>

[20] [Step Debug] -> <response xmlns="urn:debugger_protocol_v1" xmlns:xdebug="https://xdebug.org/dbgp/xdebug" command="stop" transaction_id="19" status="break" reason="ok"><xdebug:message filename="file:///var/www/html/Config/Database.php" lineno="22" exception="Fatal error" code="1"><![CDATA[Uncaught PDOException: SQLSTATE[HY000] [1049] Unknown database 'test' in /var/www/html/Config/Database.php:22
Stack trace:
#0 /var/www/html/Config/Database.php(22): PDO->__construct('mysql:host=db; ...', 'root', 'root')
#1 /var/www/html/Models/User.php(13): WWW\Config\Database::getConnection()
#2 /var/www/html/Models/User.php(18): WWW\Models\User::init()
#3 /var/www/html/Controllers/UserController.php(9): WWW\Models\User::all()
#4 /var/www/html/Public/index.php(16): WWW\Controllers\UserController->index()
#5 {main}
  thrown]]></xdebug:message></response>

[20] [Step Debug] -> <response xmlns="urn:debugger_protocol_v1" xmlns:xdebug="https://xdebug.org/dbgp/xdebug" status="stopping" reason="ok"></response>

[20] Log closed at 2026-02-18 07:34:21.097551

[21] Log opened at 2026-02-18 07:34:28.586740
[21] [Step Debug] INFO: Connecting to configured address/port: host.docker.internal:9003.
[21] [Step Debug] INFO: Connected to debugging client: host.docker.internal:9003 (through xdebug.client_host/xdebug.client_port). :-)
[21] [Step Debug] -> <init xmlns="urn:debugger_protocol_v1" xmlns:xdebug="https://xdebug.org/dbgp/xdebug" fileuri="file:///var/www/html/Public/index.php" language="PHP" xdebug:language_version="7.4.16" protocol_version="1.0" appid="21"><engine version="3.1.6"><![CDATA[Xdebug]]></engine><author><![CDATA[Derick Rethans]]></author><url><![CDATA[https://xdebug.org]]></url><copyright><![CDATA[Copyright (c) 2002-2022 by Derick Rethans]]></copyright></init>

[21] [Step Debug] <- feature_set -i 1 -n resolved_breakpoints -v 1
[21] [Step Debug] -> <response xmlns="urn:debugger_protocol_v1" xmlns:xdebug="https://xdebug.org/dbgp/xdebug" command="feature_set" transaction_id="1" feature="resolved_breakpoints" success="1"></response>

[21] [Step Debug] <- feature_set -i 2 -n notify_ok -v 1
[21] [Step Debug] -> <response xmlns="urn:debugger_protocol_v1" xmlns:xdebug="https://xdebug.org/dbgp/xdebug" command="feature_set" transaction_id="2" feature="notify_ok" success="1"></response>

[21] [Step Debug] <- feature_set -i 3 -n extended_properties -v 1
[21] [Step Debug] -> <response xmlns="urn:debugger_protocol_v1" xmlns:xdebug="https://xdebug.org/dbgp/xdebug" command="feature_set" transaction_id="3" feature="extended_properties" success="1"></response>

[21] [Step Debug] <- feature_get -i 4 -n breakpoint_include_return_value
[21] [Step Debug] -> <response xmlns="urn:debugger_protocol_v1" xmlns:xdebug="https://xdebug.org/dbgp/xdebug" command="feature_get" transaction_id="4" feature_name="breakpoint_include_return_value" supported="0"><![CDATA[0]]></response>

[21] [Step Debug] <- feature_get -i 5 -n virtual_exception_value
[21] [Step Debug] -> <response xmlns="urn:debugger_protocol_v1" xmlns:xdebug="https://xdebug.org/dbgp/xdebug" command="feature_get" transaction_id="5" feature_name="virtual_exception_value" supported="0"><![CDATA[0]]></response>

[21] [Step Debug] <- feature_set -i 6 -n max_children -v 100
[21] [Step Debug] -> <response xmlns="urn:debugger_protocol_v1" xmlns:xdebug="https://xdebug.org/dbgp/xdebug" command="feature_set" transaction_id="6" feature="max_children" success="1"></response>

[21] [Step Debug] <- breakpoint_set -i 7 -t exception -x Notice
[21] [Step Debug] -> <response xmlns="urn:debugger_protocol_v1" xmlns:xdebug="https://xdebug.org/dbgp/xdebug" command="breakpoint_set" transaction_id="7" id="210013" resolved="resolved"></response>

[21] [Step Debug] <- breakpoint_set -i 8 -t exception -x Warning
[21] [Step Debug] -> <response xmlns="urn:debugger_protocol_v1" xmlns:xdebug="https://xdebug.org/dbgp/xdebug" command="breakpoint_set" transaction_id="8" id="210014" resolved="resolved"></response>

[21] [Step Debug] <- breakpoint_set -i 9 -t exception -x Error
[21] [Step Debug] -> <response xmlns="urn:debugger_protocol_v1" xmlns:xdebug="https://xdebug.org/dbgp/xdebug" command="breakpoint_set" transaction_id="9" id="210015" resolved="resolved"></response>

[21] [Step Debug] <- breakpoint_set -i 10 -t exception -x Deprecated
[21] [Step Debug] -> <response xmlns="urn:debugger_protocol_v1" xmlns:xdebug="https://xdebug.org/dbgp/xdebug" command="breakpoint_set" transaction_id="10" id="210016" resolved="resolved"></response>

[21] [Step Debug] <- breakpoint_set -i 11 -t exception -x Exception
[21] [Step Debug] -> <response xmlns="urn:debugger_protocol_v1" xmlns:xdebug="https://xdebug.org/dbgp/xdebug" command="breakpoint_set" transaction_id="11" id="210017" resolved="resolved"></response>

[21] [Step Debug] <- breakpoint_set -i 12 -t exception -x *
[21] [Step Debug] -> <response xmlns="urn:debugger_protocol_v1" xmlns:xdebug="https://xdebug.org/dbgp/xdebug" command="breakpoint_set" transaction_id="12" id="210018" resolved="resolved"></response>

[21] [Step Debug] <- run -i 13
[21] [Step Debug] -> <response xmlns="urn:debugger_protocol_v1" xmlns:xdebug="https://xdebug.org/dbgp/xdebug" command="run" transaction_id="13" status="stopping" reason="ok"></response>

[21] [Step Debug] <- stop -i 14
[21] [Step Debug] -> <response xmlns="urn:debugger_protocol_v1" xmlns:xdebug="https://xdebug.org/dbgp/xdebug" command="stop" transaction_id="14" status="stopped" reason="ok"></response>

[21] Log closed at 2026-02-18 07:34:28.610527

[21] Log opened at 2026-02-18 07:34:33.151403
[21] [Step Debug] INFO: Connecting to configured address/port: host.docker.internal:9003.
[21] [Step Debug] INFO: Connected to debugging client: host.docker.internal:9003 (through xdebug.client_host/xdebug.client_port). :-)
[21] [Step Debug] -> <init xmlns="urn:debugger_protocol_v1" xmlns:xdebug="https://xdebug.org/dbgp/xdebug" fileuri="file:///var/www/html/Public/index.php" language="PHP" xdebug:language_version="7.4.16" protocol_version="1.0" appid="21"><engine version="3.1.6"><![CDATA[Xdebug]]></engine><author><![CDATA[Derick Rethans]]></author><url><![CDATA[https://xdebug.org]]></url><copyright><![CDATA[Copyright (c) 2002-2022 by Derick Rethans]]></copyright></init>

[21] [Step Debug] <- feature_set -i 1 -n resolved_breakpoints -v 1
[21] [Step Debug] -> <response xmlns="urn:debugger_protocol_v1" xmlns:xdebug="https://xdebug.org/dbgp/xdebug" command="feature_set" transaction_id="1" feature="resolved_breakpoints" success="1"></response>

[21] [Step Debug] <- feature_set -i 2 -n notify_ok -v 1
[21] [Step Debug] -> <response xmlns="urn:debugger_protocol_v1" xmlns:xdebug="https://xdebug.org/dbgp/xdebug" command="feature_set" transaction_id="2" feature="notify_ok" success="1"></response>

[21] [Step Debug] <- feature_set -i 3 -n extended_properties -v 1
[21] [Step Debug] -> <response xmlns="urn:debugger_protocol_v1" xmlns:xdebug="https://xdebug.org/dbgp/xdebug" command="feature_set" transaction_id="3" feature="extended_properties" success="1"></response>

[21] [Step Debug] <- feature_get -i 4 -n breakpoint_include_return_value
[21] [Step Debug] -> <response xmlns="urn:debugger_protocol_v1" xmlns:xdebug="https://xdebug.org/dbgp/xdebug" command="feature_get" transaction_id="4" feature_name="breakpoint_include_return_value" supported="0"><![CDATA[0]]></response>

[21] [Step Debug] <- feature_get -i 5 -n virtual_exception_value
[21] [Step Debug] -> <response xmlns="urn:debugger_protocol_v1" xmlns:xdebug="https://xdebug.org/dbgp/xdebug" command="feature_get" transaction_id="5" feature_name="virtual_exception_value" supported="0"><![CDATA[0]]></response>

[21] [Step Debug] <- feature_set -i 6 -n max_children -v 100
[21] [Step Debug] -> <response xmlns="urn:debugger_protocol_v1" xmlns:xdebug="https://xdebug.org/dbgp/xdebug" command="feature_set" transaction_id="6" feature="max_children" success="1"></response>

[21] [Step Debug] <- breakpoint_set -i 7 -t exception -x Notice
[21] [Step Debug] -> <response xmlns="urn:debugger_protocol_v1" xmlns:xdebug="https://xdebug.org/dbgp/xdebug" command="breakpoint_set" transaction_id="7" id="210019" resolved="resolved"></response>

[21] [Step Debug] <- breakpoint_set -i 8 -t exception -x Warning
[21] [Step Debug] -> <response xmlns="urn:debugger_protocol_v1" xmlns:xdebug="https://xdebug.org/dbgp/xdebug" command="breakpoint_set" transaction_id="8" id="210020" resolved="resolved"></response>

[21] [Step Debug] <- breakpoint_set -i 9 -t exception -x Error
[21] [Step Debug] -> <response xmlns="urn:debugger_protocol_v1" xmlns:xdebug="https://xdebug.org/dbgp/xdebug" command="breakpoint_set" transaction_id="9" id="210021" resolved="resolved"></response>

[21] [Step Debug] <- breakpoint_set -i 10 -t exception -x Deprecated
[21] [Step Debug] -> <response xmlns="urn:debugger_protocol_v1" xmlns:xdebug="https://xdebug.org/dbgp/xdebug" command="breakpoint_set" transaction_id="10" id="210022" resolved="resolved"></response>

[21] [Step Debug] <- breakpoint_set -i 11 -t exception -x Exception
[21] [Step Debug] -> <response xmlns="urn:debugger_protocol_v1" xmlns:xdebug="https://xdebug.org/dbgp/xdebug" command="breakpoint_set" transaction_id="11" id="210023" resolved="resolved"></response>

[21] [Step Debug] <- breakpoint_set -i 12 -t exception -x *
[21] [Step Debug] -> <response xmlns="urn:debugger_protocol_v1" xmlns:xdebug="https://xdebug.org/dbgp/xdebug" command="breakpoint_set" transaction_id="12" id="210024" resolved="resolved"></response>

[21] [Step Debug] <- run -i 13
[21] [Step Debug] -> <response xmlns="urn:debugger_protocol_v1" xmlns:xdebug="https://xdebug.org/dbgp/xdebug" command="run" transaction_id="13" status="stopping" reason="ok"></response>

[21] [Step Debug] <- stop -i 14
[21] [Step Debug] -> <response xmlns="urn:debugger_protocol_v1" xmlns:xdebug="https://xdebug.org/dbgp/xdebug" command="stop" transaction_id="14" status="stopped" reason="ok"></response>

[21] Log closed at 2026-02-18 07:34:33.162725

[21] Log opened at 2026-02-18 07:34:37.774318
[21] [Step Debug] INFO: Connecting to configured address/port: host.docker.internal:9003.
[21] [Step Debug] INFO: Connected to debugging client: host.docker.internal:9003 (through xdebug.client_host/xdebug.client_port). :-)
[21] [Step Debug] -> <init xmlns="urn:debugger_protocol_v1" xmlns:xdebug="https://xdebug.org/dbgp/xdebug" fileuri="file:///var/www/html/Public/index.php" language="PHP" xdebug:language_version="7.4.16" protocol_version="1.0" appid="21"><engine version="3.1.6"><![CDATA[Xdebug]]></engine><author><![CDATA[Derick Rethans]]></author><url><![CDATA[https://xdebug.org]]></url><copyright><![CDATA[Copyright (c) 2002-2022 by Derick Rethans]]></copyright></init>

[21] [Step Debug] <- feature_set -i 1 -n resolved_breakpoints -v 1
[21] [Step Debug] -> <response xmlns="urn:debugger_protocol_v1" xmlns:xdebug="https://xdebug.org/dbgp/xdebug" command="feature_set" transaction_id="1" feature="resolved_breakpoints" success="1"></response>

[21] [Step Debug] <- feature_set -i 2 -n notify_ok -v 1
[21] [Step Debug] -> <response xmlns="urn:debugger_protocol_v1" xmlns:xdebug="https://xdebug.org/dbgp/xdebug" command="feature_set" transaction_id="2" feature="notify_ok" success="1"></response>

[21] [Step Debug] <- feature_set -i 3 -n extended_properties -v 1
[21] [Step Debug] -> <response xmlns="urn:debugger_protocol_v1" xmlns:xdebug="https://xdebug.org/dbgp/xdebug" command="feature_set" transaction_id="3" feature="extended_properties" success="1"></response>

[21] [Step Debug] <- feature_get -i 4 -n breakpoint_include_return_value
[21] [Step Debug] -> <response xmlns="urn:debugger_protocol_v1" xmlns:xdebug="https://xdebug.org/dbgp/xdebug" command="feature_get" transaction_id="4" feature_name="breakpoint_include_return_value" supported="0"><![CDATA[0]]></response>

[21] [Step Debug] <- feature_get -i 5 -n virtual_exception_value
[21] [Step Debug] -> <response xmlns="urn:debugger_protocol_v1" xmlns:xdebug="https://xdebug.org/dbgp/xdebug" command="feature_get" transaction_id="5" feature_name="virtual_exception_value" supported="0"><![CDATA[0]]></response>

[21] [Step Debug] <- feature_set -i 6 -n max_children -v 100
[21] [Step Debug] -> <response xmlns="urn:debugger_protocol_v1" xmlns:xdebug="https://xdebug.org/dbgp/xdebug" command="feature_set" transaction_id="6" feature="max_children" success="1"></response>

[21] [Step Debug] <- breakpoint_set -i 7 -t exception -x Notice
[21] [Step Debug] -> <response xmlns="urn:debugger_protocol_v1" xmlns:xdebug="https://xdebug.org/dbgp/xdebug" command="breakpoint_set" transaction_id="7" id="210025" resolved="resolved"></response>

[21] [Step Debug] <- breakpoint_set -i 8 -t exception -x Warning
[21] [Step Debug] -> <response xmlns="urn:debugger_protocol_v1" xmlns:xdebug="https://xdebug.org/dbgp/xdebug" command="breakpoint_set" transaction_id="8" id="210026" resolved="resolved"></response>

[21] [Step Debug] <- breakpoint_set -i 9 -t exception -x Error
[21] [Step Debug] -> <response xmlns="urn:debugger_protocol_v1" xmlns:xdebug="https://xdebug.org/dbgp/xdebug" command="breakpoint_set" transaction_id="9" id="210027" resolved="resolved"></response>

[21] [Step Debug] <- breakpoint_set -i 10 -t exception -x Deprecated
[21] [Step Debug] -> <response xmlns="urn:debugger_protocol_v1" xmlns:xdebug="https://xdebug.org/dbgp/xdebug" command="breakpoint_set" transaction_id="10" id="210028" resolved="resolved"></response>

[21] [Step Debug] <- breakpoint_set -i 11 -t exception -x Exception
[21] [Step Debug] -> <response xmlns="urn:debugger_protocol_v1" xmlns:xdebug="https://xdebug.org/dbgp/xdebug" command="breakpoint_set" transaction_id="11" id="210029" resolved="resolved"></response>

[21] [Step Debug] <- breakpoint_set -i 12 -t exception -x *
[21] [Step Debug] -> <response xmlns="urn:debugger_protocol_v1" xmlns:xdebug="https://xdebug.org/dbgp/xdebug" command="breakpoint_set" transaction_id="12" id="210030" resolved="resolved"></response>

[21] [Step Debug] <- run -i 13
[21] [Step Debug] -> <response xmlns="urn:debugger_protocol_v1" xmlns:xdebug="https://xdebug.org/dbgp/xdebug" command="run" transaction_id="13" status="stopping" reason="ok"></response>

[21] [Step Debug] <- stop -i 14
[21] [Step Debug] -> <response xmlns="urn:debugger_protocol_v1" xmlns:xdebug="https://xdebug.org/dbgp/xdebug" command="stop" transaction_id="14" status="stopped" reason="ok"></response>

[21] Log closed at 2026-02-18 07:34:37.787363

